<?xml version="1.0" encoding="UTF-8"?>
<!-- Generated by org.testng.reporters.JUnitReportReporter -->
<testsuite hostname="DESKTOP-N1728FJ" failures="0" tests="1" name="test.LoginTest" time="14.405" errors="0" timestamp="2024-02-03T16:44:30 EST" skipped="0">
  <testcase classname="test.LoginTest" name="validUserShouldBeAbleToLogin" time="14.405"/>
</testsuite> <!-- test.LoginTest -->
