<?xml version="1.0" encoding="UTF-8"?>
<!-- Generated by org.testng.reporters.JUnitReportReporter -->
<testsuite hostname="DESKTOP-N1728FJ" failures="0" tests="1" name="test.AddCustomerTest" time="75.887" errors="0" timestamp="2024-02-05T07:20:43 EST" skipped="0">
  <testcase classname="test.AddCustomerTest" name="userShouldBeAbleToCreatNewCustomer" time="75.887"/>
</testsuite> <!-- test.AddCustomerTest -->
